<?xml version="1.0" encoding="UTF-8"?>
<testsuite name="Buscar en internet" tests="1" skipped="0" failures="1" errors="0" timestamp="2019-08-09T19:22:38" hostname="SBMEDLAPPROHG5" time="34.545">
  <properties/>
  <testcase name="Search in google" classname="Buscar en internet" time="34.545">
    <failure message="java.lang.AssertionError: chrome not reachable&#10;  (Session info: chrome=76.0.3809.100)&#10;Build info: version: '3.14.0', revision: 'aacccce0', time: '2018-08-02T20:19:58.91Z'&#10;System info: host: 'SBMEDLAPPROHG5', ip: '172.23.85.78', os.name: 'Windows 10', os.arch: 'amd64', os.version: '10.0', java.version: '1.8.0_201'&#10;Driver info: org.openqa.selenium.remote.RemoteWebDriver&#10;Capabilities {acceptInsecureCerts: false, browserName: chrome, browserVersion: 76.0.3809.100, chrome: {chromedriverVersion: 76.0.3809.68 (420c9498db8ce..., userDataDir: C:\Users\HERNAN.GIL\AppData...}, goog:chromeOptions: {debuggerAddress: localhost:61320}, javascriptEnabled: true, networkConnectionEnabled: false, pageLoadStrategy: normal, platform: XP, platformName: XP, proxy: Proxy(), setWindowRect: true, strictFileInteractability: false, timeouts: {implicit: 0, pageLoad: 300000, script: 30000}, unhandledPromptBehavior: dismiss and notify}&#10;Session ID: 0179647be10f9bd0d414a8f74d9741e7&#10;*** Element info: {Using=xpath, value=/html//div[@id='res']/div[2]/div/div/div/div/div/div/div/a/h3}" type="java.lang.AssertionError">java.lang.AssertionError: chrome not reachable
  (Session info: chrome=76.0.3809.100)
Build info: version: '3.14.0', revision: 'aacccce0', time: '2018-08-02T20:19:58.91Z'
System info: host: 'SBMEDLAPPROHG5', ip: '172.23.85.78', os.name: 'Windows 10', os.arch: 'amd64', os.version: '10.0', java.version: '1.8.0_201'
Driver info: org.openqa.selenium.remote.RemoteWebDriver
Capabilities {acceptInsecureCerts: false, browserName: chrome, browserVersion: 76.0.3809.100, chrome: {chromedriverVersion: 76.0.3809.68 (420c9498db8ce..., userDataDir: C:\Users\HERNAN.GIL\AppData...}, goog:chromeOptions: {debuggerAddress: localhost:61320}, javascriptEnabled: true, networkConnectionEnabled: false, pageLoadStrategy: normal, platform: XP, platformName: XP, proxy: Proxy(), setWindowRect: true, strictFileInteractability: false, timeouts: {implicit: 0, pageLoad: 300000, script: 30000}, unhandledPromptBehavior: dismiss and notify}
Session ID: 0179647be10f9bd0d414a8f74d9741e7
*** Element info: {Using=xpath, value=/html//div[@id='res']/div[2]/div/div/div/div/div/div/div/a/h3}
	at net.serenitybdd.screenplay.ErrorTally.throwSummaryExceptionFrom(ErrorTally.java:36)
	at net.serenitybdd.screenplay.ErrorTally.reportAnyErrors(ErrorTally.java:30)
	at net.serenitybdd.screenplay.Actor.should(Actor.java:187)
	at co.com.google.capacitaciones.stepdefinitions.BuscarGoogleStepsDefinitions.heShouldSeeTheResultInTheScreen(BuscarGoogleStepsDefinitions.java:55)
	at ✽.he should see the result in the screen(src/test/resources/features/BuscarGoogle.feature:11)
</failure>
  </testcase>
  <system-out><![CDATA[]]></system-out>
  <system-err><![CDATA[ago 09, 2019 2:22:39 PM org.openqa.selenium.remote.DesiredCapabilities chrome
INFORMACIÓN: Using `new ChromeOptions()` is preferred to `DesiredCapabilities.chrome()`
Starting ChromeDriver 76.0.3809.68 (420c9498db8ce8fcd190a954d51297672c1515d5-refs/branch-heads/3809@{#864}) on port 41164
Only local connections are allowed.
Please protect ports used by ChromeDriver and related test frameworks to prevent access by malicious code.
ago 09, 2019 2:22:43 PM org.openqa.selenium.remote.ProtocolHandshake createSession
INFORMACIÓN: Detected dialect: W3C
[1565378572.845][WARNING]: Timed out connecting to Chrome, retrying...
[1565378577.064][WARNING]: Timed out connecting to Chrome, retrying...
[1565378583.111][WARNING]: Timed out connecting to Chrome, retrying...
[1565378589.138][WARNING]: Timed out connecting to Chrome, retrying...
[Test worker] ERROR net.thucydides.core.steps.ConsoleLoggingListener - 
           __  _____ _____ ____ _____   _____ _    ___ _     _____ ____  
  _       / / |_   _| ____/ ___|_   _| |  ___/ \  |_ _| |   | ____|  _ \ 
 (_)_____| |    | | |  _| \___ \ | |   | |_ / _ \  | || |   |  _| | | | |
  _|_____| |    | | | |___ ___) || |   |  _/ ___ \ | || |___| |___| |_| |
 (_)     | |    |_| |_____|____/ |_|   |_|/_/   \_\___|_____|_____|____/ 
          \_\                                                            

TEST FAILED WITH ERROR: Search in google
---------------------------------------------------------------------
[Test worker] ERROR net.thucydides.core.steps.ConsoleLoggingListener - TEST FAILED AT STEP Then the result should be 'Quesito - Wikipedia, la enciclopedia libre'
[Test worker] ERROR net.thucydides.core.steps.ConsoleLoggingListener - chrome not reachable
]]></system-err>
</testsuite>
